I, [2014-12-30T12:59:27.407269 #6864]  INFO -- : Cleared interactions before example "Pact::Consumer::MockService when more than one response has been mocked when the actual request matches one expected request returns the expected response"
I, [2014-12-30T12:59:27.407705 #6864]  INFO -- : Registered expected interaction GET /alligators
D, [2014-12-30T12:59:27.407769 #6864] DEBUG -- : {
  "description": "a request for alligators",
  "provider_state": "alligators exist",
  "request": {
    "method": "get",
    "path": "/alligators",
    "headers": {
      "Accept": "application/json"
    }
  },
  "response": {
    "status": 200,
    "headers": {
      "Content-Type": "application/json"
    },
    "body": [
      {
        "name": "Mary"
      }
    ]
  }
}
I, [2014-12-30T12:59:27.408076 #6864]  INFO -- : Registered expected interaction GET /zebras
D, [2014-12-30T12:59:27.408123 #6864] DEBUG -- : {
  "description": "a request for zebras",
  "provider_state": "there are zebras",
  "request": {
    "method": "get",
    "path": "/zebras",
    "headers": {
      "Accept": "application/json"
    }
  },
  "response": {
    "status": 200,
    "headers": {
      "Content-Type": "application/json"
    },
    "body": [
      {
        "name": "Xena Zebra"
      }
    ]
  }
}
I, [2014-12-30T12:59:27.408668 #6864]  INFO -- : Received request GET /alligators
D, [2014-12-30T12:59:27.408735 #6864] DEBUG -- : {
  "method": "get",
  "query": "",
  "path": "/alligators",
  "headers": {
    "Https": "off",
    "Content-Length": "0",
    "Accept": "application/json",
    "Host": "example.org",
    "Cookie": ""
  }
}
I, [2014-12-30T12:59:27.408893 #6864]  INFO -- : Found matching response for GET /alligators
D, [2014-12-30T12:59:27.408947 #6864] DEBUG -- : {
  "status": 200,
  "headers": {
    "Content-Type": "application/json"
  },
  "body": [
    {
      "name": "Mary"
    }
  ]
}
I, [2014-12-30T12:59:27.409561 #6864]  INFO -- : Received request GET /zebras
D, [2014-12-30T12:59:27.409661 #6864] DEBUG -- : {
  "method": "get",
  "query": "",
  "path": "/zebras",
  "headers": {
    "Https": "off",
    "Content-Length": "0",
    "Accept": "application/json",
    "Host": "example.org",
    "Cookie": ""
  }
}
I, [2014-12-30T12:59:27.409818 #6864]  INFO -- : Found matching response for GET /zebras
D, [2014-12-30T12:59:27.409893 #6864] DEBUG -- : {
  "status": 200,
  "headers": {
    "Content-Type": "application/json"
  },
  "body": [
    {
      "name": "Xena Zebra"
    }
  ]
}
I, [2014-12-30T12:59:27.410283 #6864]  INFO -- : Verifying - interactions matched for example "Pact::Consumer::MockService when more than one response has been mocked when the actual request matches one expected request returns the expected response"
I, [2014-12-30T12:59:27.411208 #6864]  INFO -- : Cleared interactions before example "Pact::Consumer::MockService when more than one response has been mocked when the actual request matches more than one expected request returns an error response"
I, [2014-12-30T12:59:27.411710 #6864]  INFO -- : Registered expected interaction GET /alligators
D, [2014-12-30T12:59:27.411774 #6864] DEBUG -- : {
  "description": "a request for alligators",
  "provider_state": "alligators exist",
  "request": {
    "method": "get",
    "path": "/alligators",
    "headers": {
      "Accept": "application/json"
    }
  },
  "response": {
    "status": 200,
    "headers": {
      "Content-Type": "application/json"
    },
    "body": [
      {
        "name": "Mary"
      }
    ]
  }
}
I, [2014-12-30T12:59:27.412165 #6864]  INFO -- : Registered expected interaction GET /alligators
D, [2014-12-30T12:59:27.412256 #6864] DEBUG -- : {
  "description": "a request for alligators",
  "provider_state": "there are no alligators",
  "request": {
    "method": "get",
    "path": "/alligators",
    "headers": {
      "Accept": "application/json"
    }
  },
  "response": {
    "status": 200,
    "headers": {
      "Content-Type": "application/json"
    },
    "body": [

    ]
  }
}
I, [2014-12-30T12:59:27.413069 #6864]  INFO -- : Received request GET /alligators
D, [2014-12-30T12:59:27.413165 #6864] DEBUG -- : {
  "method": "get",
  "query": "",
  "path": "/alligators",
  "headers": {
    "Https": "off",
    "Content-Length": "0",
    "Accept": "application/json",
    "Host": "example.org",
    "Cookie": ""
  }
}
E, [2014-12-30T12:59:27.413337 #6864] ERROR -- : Multiple interactions found for GET /alligators:
D, [2014-12-30T12:59:27.413514 #6864] DEBUG -- : {
  "description": "a request for alligators",
  "provider_state": "alligators exist",
  "request": {
    "method": "get",
    "path": "/alligators",
    "headers": {
      "Accept": "application/json"
    }
  },
  "response": {
    "status": 200,
    "headers": {
      "Content-Type": "application/json"
    },
    "body": [
      {
        "name": "Mary"
      }
    ]
  }
}
D, [2014-12-30T12:59:27.413619 #6864] DEBUG -- : {
  "description": "a request for alligators",
  "provider_state": "there are no alligators",
  "request": {
    "method": "get",
    "path": "/alligators",
    "headers": {
      "Accept": "application/json"
    }
  },
  "response": {
    "status": 200,
    "headers": {
      "Content-Type": "application/json"
    },
    "body": [

    ]
  }
}
W, [2014-12-30T12:59:27.414156 #6864]  WARN -- : Verifying - actual interactions do not match expected interactions for example "Pact::Consumer::MockService when more than one response has been mocked when the actual request matches more than one expected request returns an error response". 
Missing requests:
	GET /alligators
	GET /alligators


W, [2014-12-30T12:59:27.414185 #6864]  WARN -- : Missing requests:
	GET /alligators
	GET /alligators


